<?xml version="1.0" encoding="UTF-8"?>
<!-- Generated by org.testng.reporters.JUnitXMLReporter -->
<testsuite ignored="0" hostname="saqlain-HP-G42-Notebook-PC" failures="1" tests="1" name="Test" time="20.468" errors="0" timestamp="2022-06-02T13:04:34 IST">
  <testcase classname="tevico1.test1" name="test02" time="0.019">
    <failure type="java.lang.NullPointerException">
      <![CDATA[java.lang.NullPointerException
at tevico1.test1.test02(test1.java:30)
at java.base/java.util.ArrayList.forEach(ArrayList.java:1541)
... Removed 27 stack frames]]>
    </failure>
  </testcase> <!-- test02 -->
</testsuite> <!-- Test -->
