<?xml version="1.0" encoding="UTF-8"?>
<testng-results ignored="0" total="2" passed="1" failed="1" skipped="0">
  <reporter-output>
  </reporter-output>
  <suite started-at="2022-06-27T12:49:57 IST" name="Default suite" finished-at="2022-06-27T12:50:52 IST" duration-ms="54374">
    <groups>
    </groups>
    <test started-at="2022-06-27T12:49:57 IST" name="Default test" finished-at="2022-06-27T12:50:52 IST" duration-ms="54374">
      <class name="tevico1.test1">
        <test-method is-config="true" signature="web()[pri:0, instance:tevico1.test1@402e37bc]" started-at="2022-06-27T12:49:58 IST" name="web" finished-at="2022-06-27T12:50:21 IST" duration-ms="23836" status="PASS">
          <reporter-output>
          </reporter-output>
        </test-method> <!-- web -->
        <test-method signature="test01()[pri:0, instance:tevico1.test1@402e37bc]" started-at="2022-06-27T12:50:21 IST" name="test01" finished-at="2022-06-27T12:50:28 IST" duration-ms="6744" status="PASS">
          <reporter-output>
          </reporter-output>
        </test-method> <!-- test01 -->
        <test-method is-config="true" signature="exit()[pri:0, instance:tevico1.test1@402e37bc]" started-at="2022-06-27T12:50:28 IST" name="exit" finished-at="2022-06-27T12:50:28 IST" duration-ms="0" status="PASS">
          <reporter-output>
          </reporter-output>
        </test-method> <!-- exit -->
        <test-method is-config="true" signature="web()[pri:0, instance:tevico1.test1@402e37bc]" started-at="2022-06-27T12:50:28 IST" name="web" finished-at="2022-06-27T12:50:51 IST" duration-ms="22413" status="PASS">
          <reporter-output>
          </reporter-output>
        </test-method> <!-- web -->
        <test-method signature="testO2()[pri:0, instance:tevico1.test1@402e37bc]" started-at="2022-06-27T12:50:51 IST" name="testO2" finished-at="2022-06-27T12:50:52 IST" duration-ms="1271" status="FAIL">
          <exception class="org.openqa.selenium.ElementNotInteractableException">
            <message>
              <![CDATA[Element <label> could not be scrolled into view
Build info: version: '4.1.4', revision: '535d840ee2'
System info: host: 'saqlain-HP-G42-Notebook-PC', ip: '127.0.1.1', os.name: 'Linux', os.arch: 'amd64', os.version: '5.13.0-51-generic', java.version: '11.0.15'
Driver info: org.openqa.selenium.firefox.FirefoxDriver
Command: [4735f922-7e46-4ecf-abb6-375fbfed3014, clickElement {id=427295f8-8a9e-4793-b2dd-9cd67dc11e88}]
Capabilities {acceptInsecureCerts: true, browserName: firefox, browserVersion: 101.0.1, javascriptEnabled: true, moz:accessibilityChecks: false, moz:buildID: 20220608170832, moz:debuggerAddress: localhost:46430, moz:geckodriverVersion: 0.31.0, moz:headless: false, moz:processID: 10732, moz:profile: /tmp/rust_mozprofilemDrIJD, moz:shutdownTimeout: 60000, moz:useNonSpecCompliantPointerOrigin: false, moz:webdriverClick: true, pageLoadStrategy: normal, platform: LINUX, platformName: LINUX, platformVersion: 5.13.0-51-generic, proxy: Proxy(), se:cdp: ws://localhost:46430/devtoo..., se:cdpVersion: 85.0, setWindowRect: true, strictFileInteractability: false, timeouts: {implicit: 0, pageLoad: 300000, script: 30000}, unhandledPromptBehavior: dismiss and notify}
Element: [[FirefoxDriver: firefox on LINUX (4735f922-7e46-4ecf-abb6-375fbfed3014)] -> xpath: /html/body/app-root/app-auth/ng-component/div/div/div[2]/div/div/div[2]/form/div[6]/label]
Session ID: 4735f922-7e46-4ecf-abb6-375fbfed3014]]>
            </message>
            <full-stacktrace>
              <![CDATA[org.openqa.selenium.ElementNotInteractableException: Element <label> could not be scrolled into view
Build info: version: '4.1.4', revision: '535d840ee2'
System info: host: 'saqlain-HP-G42-Notebook-PC', ip: '127.0.1.1', os.name: 'Linux', os.arch: 'amd64', os.version: '5.13.0-51-generic', java.version: '11.0.15'
Driver info: org.openqa.selenium.firefox.FirefoxDriver
Command: [4735f922-7e46-4ecf-abb6-375fbfed3014, clickElement {id=427295f8-8a9e-4793-b2dd-9cd67dc11e88}]
Capabilities {acceptInsecureCerts: true, browserName: firefox, browserVersion: 101.0.1, javascriptEnabled: true, moz:accessibilityChecks: false, moz:buildID: 20220608170832, moz:debuggerAddress: localhost:46430, moz:geckodriverVersion: 0.31.0, moz:headless: false, moz:processID: 10732, moz:profile: /tmp/rust_mozprofilemDrIJD, moz:shutdownTimeout: 60000, moz:useNonSpecCompliantPointerOrigin: false, moz:webdriverClick: true, pageLoadStrategy: normal, platform: LINUX, platformName: LINUX, platformVersion: 5.13.0-51-generic, proxy: Proxy(), se:cdp: ws://localhost:46430/devtoo..., se:cdpVersion: 85.0, setWindowRect: true, strictFileInteractability: false, timeouts: {implicit: 0, pageLoad: 300000, script: 30000}, unhandledPromptBehavior: dismiss and notify}
Element: [[FirefoxDriver: firefox on LINUX (4735f922-7e46-4ecf-abb6-375fbfed3014)] -> xpath: /html/body/app-root/app-auth/ng-component/div/div/div[2]/div/div/div[2]/form/div[6]/label]
Session ID: 4735f922-7e46-4ecf-abb6-375fbfed3014
at java.base/jdk.internal.reflect.NativeConstructorAccessorImpl.newInstance0(Native Method)
at java.base/jdk.internal.reflect.NativeConstructorAccessorImpl.newInstance(NativeConstructorAccessorImpl.java:62)
at java.base/jdk.internal.reflect.DelegatingConstructorAccessorImpl.newInstance(DelegatingConstructorAccessorImpl.java:45)
at java.base/java.lang.reflect.Constructor.newInstance(Constructor.java:490)
at org.openqa.selenium.remote.codec.w3c.W3CHttpResponseCodec.createException(W3CHttpResponseCodec.java:200)
at org.openqa.selenium.remote.codec.w3c.W3CHttpResponseCodec.decode(W3CHttpResponseCodec.java:133)
at org.openqa.selenium.remote.codec.w3c.W3CHttpResponseCodec.decode(W3CHttpResponseCodec.java:53)
at org.openqa.selenium.remote.HttpCommandExecutor.execute(HttpCommandExecutor.java:184)
at org.openqa.selenium.remote.service.DriverCommandExecutor.invokeExecute(DriverCommandExecutor.java:167)
at org.openqa.selenium.remote.service.DriverCommandExecutor.execute(DriverCommandExecutor.java:142)
at org.openqa.selenium.remote.RemoteWebDriver.execute(RemoteWebDriver.java:567)
at org.openqa.selenium.remote.RemoteWebElement.execute(RemoteWebElement.java:251)
at org.openqa.selenium.remote.RemoteWebElement.click(RemoteWebElement.java:77)
at tevico1.test1.testO2(test1.java:45)
at java.base/jdk.internal.reflect.NativeMethodAccessorImpl.invoke0(Native Method)
at java.base/jdk.internal.reflect.NativeMethodAccessorImpl.invoke(NativeMethodAccessorImpl.java:62)
at java.base/jdk.internal.reflect.DelegatingMethodAccessorImpl.invoke(DelegatingMethodAccessorImpl.java:43)
at java.base/java.lang.reflect.Method.invoke(Method.java:566)
at org.testng.internal.MethodInvocationHelper.invokeMethod(MethodInvocationHelper.java:133)
at org.testng.internal.TestInvoker.invokeMethod(TestInvoker.java:598)
at org.testng.internal.TestInvoker.invokeTestMethod(TestInvoker.java:173)
at org.testng.internal.MethodRunner.runInSequence(MethodRunner.java:46)
at org.testng.internal.TestInvoker$MethodInvocationAgent.invoke(TestInvoker.java:824)
at org.testng.internal.TestInvoker.invokeTestMethods(TestInvoker.java:146)
at org.testng.internal.TestMethodWorker.invokeTestMethods(TestMethodWorker.java:146)
at org.testng.internal.TestMethodWorker.run(TestMethodWorker.java:128)
at java.base/java.util.ArrayList.forEach(ArrayList.java:1541)
at org.testng.TestRunner.privateRun(TestRunner.java:794)
at org.testng.TestRunner.run(TestRunner.java:596)
at org.testng.SuiteRunner.runTest(SuiteRunner.java:377)
at org.testng.SuiteRunner.runSequentially(SuiteRunner.java:371)
at org.testng.SuiteRunner.privateRun(SuiteRunner.java:332)
at org.testng.SuiteRunner.run(SuiteRunner.java:276)
at org.testng.SuiteRunnerWorker.runSuite(SuiteRunnerWorker.java:53)
at org.testng.SuiteRunnerWorker.run(SuiteRunnerWorker.java:96)
at org.testng.TestNG.runSuitesSequentially(TestNG.java:1212)
at org.testng.TestNG.runSuitesLocally(TestNG.java:1134)
at org.testng.TestNG.runSuites(TestNG.java:1063)
at org.testng.TestNG.run(TestNG.java:1031)
at org.testng.remote.AbstractRemoteTestNG.run(AbstractRemoteTestNG.java:115)
at org.testng.remote.RemoteTestNG.initAndRun(RemoteTestNG.java:251)
at org.testng.remote.RemoteTestNG.main(RemoteTestNG.java:77)
]]>
            </full-stacktrace>
          </exception> <!-- org.openqa.selenium.ElementNotInteractableException -->
          <reporter-output>
          </reporter-output>
        </test-method> <!-- testO2 -->
        <test-method is-config="true" signature="exit()[pri:0, instance:tevico1.test1@402e37bc]" started-at="2022-06-27T12:50:52 IST" name="exit" finished-at="2022-06-27T12:50:52 IST" duration-ms="1" status="PASS">
          <reporter-output>
          </reporter-output>
        </test-method> <!-- exit -->
      </class> <!-- tevico1.test1 -->
    </test> <!-- Default test -->
  </suite> <!-- Default suite -->
</testng-results>
